/softs/synopsys/syn/2011.09/auxx/gui/dv/dv_setup.tcl
/softs/synopsys/syn/2011.09/auxx/gui/syn/snpsSynProcs.tcl
/softs/synopsys/syn/2011.09/auxx/tcllib/lib/tcl8.4/package.tcl
/softs/synopsys/syn/2011.09/auxx/gui/syn/layout/pkgIndex.tcl
/softs/synopsys/syn/2011.09/auxx/gui/common/libviewer/pkgIndex.tcl
/softs/synopsys/syn/2011.09/auxx/gui/common/table/pkgIndex.tcl
/softs/synopsys/syn/2011.09/auxx/gui/common/dialogs/pkgIndex.tcl
/softs/synopsys/syn/2011.09/auxx/gui/common/histogram/pkgIndex.tcl
/softs/synopsys/syn/2011.09/auxx/gui/common/tcl-dp/pkgIndex.tcl
/softs/synopsys/syn/2011.09/auxx/gui/common/docBrowser/pkgIndex.tcl
/softs/synopsys/syn/2011.09/auxx/gui/common/regressionToolkit/pkgIndex.tcl
/softs/synopsys/syn/2011.09/auxx/gui/common/fanoutviewer/pkgIndex.tcl
/softs/synopsys/syn/2011.09/auxx/gui/common/layout/pkgIndex.tcl
/softs/synopsys/syn/2011.09/auxx/gui/common/view/pkgIndex.tcl
/softs/synopsys/syn/2011.09/auxx/gui/common/opdlg/pkgIndex.tcl
/softs/synopsys/syn/2011.09/auxx/gui/common/highlight/pkgIndex.tcl
/softs/synopsys/syn/2011.09/auxx/gui/common/misc/pkgIndex.tcl
/softs/synopsys/syn/2011.09/auxx/gui/common/menus/pkgIndex.tcl
/softs/synopsys/syn/2011.09/auxx/gui/common/pathinspector/pkgIndex.tcl
/softs/synopsys/syn/2011.09/auxx/gui/common/WindowFrameWork/pkgIndex.tcl
/softs/synopsys/syn/2011.09/auxx/gui/common/hierarchy/pkgIndex.tcl
/softs/synopsys/syn/2011.09/auxx/gui/common/schematic/pkgIndex.tcl
/softs/synopsys/syn/2011.09/auxx/gui/common/timing/pkgIndex.tcl
/softs/synopsys/syn/2011.09/auxx/gui/common/qtcl/pkgIndex.tcl
/softs/synopsys/syn/2011.09/auxx/gui/common/setup/pkgIndex.tcl
/softs/synopsys/syn/2011.09/auxx/gui/common/select/pkgIndex.tcl
/softs/synopsys/syn/2011.09/auxx/gui/common/profiler/pkgIndex.tcl
/softs/synopsys/syn/2011.09/auxx/gui/common/strokes/pkgIndex.tcl
/softs/synopsys/syn/2011.09/auxx/tcllib/snps_tcl/snpsTest/pkgIndex.tcl
/softs/synopsys/syn/2011.09/auxx/tcllib/snps_tcl/snpsUtils/pkgIndex.tcl
/softs/synopsys/syn/2011.09/auxx/tcllib/snps_tcl/snpsTclPro/pkgIndex.tcl
/softs/synopsys/syn/2011.09/auxx/tcllib/snps_tcl/pkgIndex.tcl
/softs/synopsys/syn/2011.09/auxx/tcllib/lib/tcl8.4/reg/pkgIndex.tcl
/softs/synopsys/syn/2011.09/auxx/tcllib/lib/tcl8.4/http/pkgIndex.tcl
/softs/synopsys/syn/2011.09/auxx/tcllib/lib/tcl8.4/dde/pkgIndex.tcl
/softs/synopsys/syn/2011.09/auxx/tcllib/lib/tcl8.4/tcltest/pkgIndex.tcl
/softs/synopsys/syn/2011.09/auxx/tcllib/lib/tcl8.4/opt/pkgIndex.tcl
/softs/synopsys/syn/2011.09/auxx/tcllib/lib/tcl8.4/http1.0/pkgIndex.tcl
/softs/synopsys/syn/2011.09/auxx/tcllib/lib/tcl8.4/msgcat/pkgIndex.tcl
/softs/synopsys/syn/2011.09/auxx/gui/common/setup/snpsCommonSetup.tcl
/softs/synopsys/syn/2011.09/auxx/gui/common/setup/snpsCustomize.tcl
/softs/synopsys/syn/2011.09/auxx/gui/common/setup/snpsProcheck.tcl
/softs/synopsys/syn/2011.09/auxx/gui/common/qtcl/.synopsys_qtcl.tcl
/softs/synopsys/syn/2011.09/auxx/gui/common/highlight/highlight.tcl
/softs/synopsys/syn/2011.09/auxx/gui/common/misc/base.tcl
/softs/synopsys/syn/2011.09/auxx/gui/common/misc/timing.tcl
/softs/synopsys/syn/2011.09/auxx/gui/common/misc/setting.tcl
/softs/synopsys/syn/2011.09/auxx/gui/common/docBrowser/docBrowser.tcl
/softs/synopsys/syn/2011.09/auxx/tcllib/snps_tcl/snpsUtils/snpsUtils.tcl
/softs/synopsys/syn/2011.09/auxx/gui/common/WindowFrameWork/windowFrameWork.tcl
/softs/synopsys/syn/2011.09/auxx/gui/common/WindowFrameWork/skipBusyCursorCmdList.tcl
/softs/synopsys/syn/2011.09/auxx/gui/common/dialogs/ObjectChooser.tcl
/softs/synopsys/syn/2011.09/auxx/gui/common/misc/DialogObjectChooser.tcl
/softs/synopsys/syn/2011.09/auxx/gui/common/dialogs/HistBinInformation.tcl
/softs/synopsys/syn/2011.09/auxx/gui/common/dialogs/HistBin1Information.tcl
/softs/synopsys/syn/2011.09/auxx/gui/common/dialogs/BinsOnlyInformation.tcl
/softs/synopsys/syn/2011.09/auxx/gui/common/dialogs/FileChooser.tcl
/softs/synopsys/syn/2011.09/auxx/gui/common/dialogs/PathPinSimpleInfo.tcl
/softs/synopsys/syn/2011.09/auxx/gui/common/dialogs/PathsBasicInfo.tcl
/softs/synopsys/syn/2011.09/auxx/gui/common/dialogs/PathsBasicSimpleInfo.tcl
/softs/synopsys/syn/2011.09/auxx/gui/common/dialogs/SlctOperationInfo.tcl
/softs/synopsys/syn/2011.09/auxx/gui/common/dialogs/ObjectListInfo.tcl
/softs/synopsys/syn/2011.09/auxx/gui/common/dialogs/FanInOutInfo.tcl
/softs/synopsys/syn/2011.09/auxx/gui/common/dialogs/NumberOfLevelsChooser.tcl
/softs/synopsys/syn/2011.09/auxx/gui/common/dialogs/WindowReuseInfo.tcl
/softs/synopsys/syn/2011.09/auxx/gui/common/dialogs/ReportOutputOptionInfo.tcl
/softs/synopsys/syn/2011.09/auxx/gui/common/setup/snpsCollections.tcl
/softs/synopsys/syn/2011.09/auxx/gui/common/dialogs/CompileLinkDesign.tcl
/softs/synopsys/syn/2011.09/auxx/gui/common/histogram/DialogEndpointSlack.tcl
/softs/synopsys/syn/2011.09/auxx/gui/common/histogram/DialogPathsSlack.tcl
/softs/synopsys/syn/2011.09/auxx/gui/common/histogram/DialogNetCapacitance.tcl
/softs/synopsys/syn/2011.09/auxx/gui/common/schematic/DialogPathSchematicFanInOut.tcl
/softs/synopsys/syn/2011.09/auxx/gui/common/schematic/DialogPathSchematicAddPaths.tcl
/home/edatp54/DTIS/ProjectDTIS/SRC/components/adder.vhd
/softs/synopsys/syn/2011.09/libraries/syn/gtech.db
/softs/synopsys/syn/2011.09/libraries/syn/standard.sldb
